{"/Users/jose/Project/src/controllers/CardController.ts": {"path":"/Users/jose/Project/src/controllers/CardController.ts","statementMap":{"0":{"start":{"line":2,"column":0},"end":{"line":2,"column":50}},"1":{"start":{"line":4,"column":20},"end":{"line":4,"column":37}},"2":{"start":{"line":7,"column":8},"end":{"line":13,"column":null}},"3":{"start":{"line":8,"column":39},"end":{"line":8,"column":47}},"4":{"start":{"line":9,"column":25},"end":{"line":9,"column":70}},"5":{"start":{"line":10,"column":12},"end":{"line":10,"column":39}},"6":{"start":{"line":12,"column":12},"end":{"line":12,"column":92}},"7":{"start":{"line":17,"column":0},"end":{"line":17,"column":30}}},"fnMap":{"0":{"name":"(anonymous_8)","decl":{"start":{"line":6,"column":17},"end":{"line":6,"column":23}},"loc":{"start":{"line":6,"column":51},"end":{"line":14,"column":null}}}},"branchMap":{},"s":{"0":1,"1":1,"2":2,"3":2,"4":1,"5":1,"6":1,"7":1},"f":{"0":2},"b":{}}
,"/Users/jose/Project/src/controllers/FareController.ts": {"path":"/Users/jose/Project/src/controllers/FareController.ts","statementMap":{"0":{"start":{"line":2,"column":0},"end":{"line":2,"column":50}},"1":{"start":{"line":7,"column":8},"end":{"line":15,"column":null}},"2":{"start":{"line":8,"column":30},"end":{"line":8,"column":40}},"3":{"start":{"line":9,"column":34},"end":{"line":9,"column":42}},"4":{"start":{"line":10,"column":61},"end":{"line":10,"column":85}},"5":{"start":{"line":11,"column":36},"end":{"line":11,"column":85}},"6":{"start":{"line":12,"column":12},"end":{"line":12,"column":46}},"7":{"start":{"line":14,"column":12},"end":{"line":14,"column":40}},"8":{"start":{"line":19,"column":8},"end":{"line":27,"column":null}},"9":{"start":{"line":20,"column":30},"end":{"line":20,"column":40}},"10":{"start":{"line":21,"column":34},"end":{"line":21,"column":42}},"11":{"start":{"line":22,"column":61},"end":{"line":22,"column":85}},"12":{"start":{"line":23,"column":36},"end":{"line":23,"column":85}},"13":{"start":{"line":24,"column":12},"end":{"line":24,"column":46}},"14":{"start":{"line":26,"column":12},"end":{"line":26,"column":40}},"15":{"start":{"line":31,"column":0},"end":{"line":31,"column":30}}},"fnMap":{"0":{"name":"(anonymous_8)","decl":{"start":{"line":6,"column":17},"end":{"line":6,"column":29}},"loc":{"start":{"line":6,"column":57},"end":{"line":16,"column":null}}},"1":{"name":"(anonymous_10)","decl":{"start":{"line":18,"column":17},"end":{"line":18,"column":28}},"loc":{"start":{"line":18,"column":56},"end":{"line":28,"column":null}}}},"branchMap":{},"s":{"0":1,"1":2,"2":2,"3":2,"4":2,"5":2,"6":1,"7":1,"8":2,"9":2,"10":2,"11":2,"12":2,"13":1,"14":1,"15":1},"f":{"0":2,"1":2},"b":{}}
,"/Users/jose/Project/src/controllers/SubwayController.ts": {"path":"/Users/jose/Project/src/controllers/SubwayController.ts","statementMap":{"0":{"start":{"line":2,"column":0},"end":{"line":2,"column":54}},"1":{"start":{"line":7,"column":8},"end":{"line":12,"column":null}},"2":{"start":{"line":8,"column":27},"end":{"line":8,"column":65}},"3":{"start":{"line":9,"column":12},"end":{"line":9,"column":41}},"4":{"start":{"line":11,"column":12},"end":{"line":11,"column":40}},"5":{"start":{"line":16,"column":8},"end":{"line":22,"column":null}},"6":{"start":{"line":17,"column":45},"end":{"line":17,"column":53}},"7":{"start":{"line":18,"column":26},"end":{"line":18,"column":83}},"8":{"start":{"line":19,"column":12},"end":{"line":19,"column":40}},"9":{"start":{"line":21,"column":12},"end":{"line":21,"column":40}},"10":{"start":{"line":26,"column":8},"end":{"line":34,"column":null}},"11":{"start":{"line":27,"column":35},"end":{"line":27,"column":61}},"12":{"start":{"line":28,"column":40},"end":{"line":28,"column":71}},"13":{"start":{"line":29,"column":51},"end":{"line":29,"column":74}},"14":{"start":{"line":30,"column":26},"end":{"line":30,"column":70}},"15":{"start":{"line":31,"column":12},"end":{"line":31,"column":44}},"16":{"start":{"line":33,"column":12},"end":{"line":33,"column":40}},"17":{"start":{"line":38,"column":0},"end":{"line":38,"column":32}}},"fnMap":{"0":{"name":"(anonymous_8)","decl":{"start":{"line":6,"column":17},"end":{"line":6,"column":22}},"loc":{"start":{"line":6,"column":50},"end":{"line":13,"column":null}}},"1":{"name":"(anonymous_10)","decl":{"start":{"line":15,"column":17},"end":{"line":15,"column":23}},"loc":{"start":{"line":15,"column":51},"end":{"line":23,"column":null}}},"2":{"name":"(anonymous_12)","decl":{"start":{"line":25,"column":17},"end":{"line":25,"column":25}},"loc":{"start":{"line":25,"column":53},"end":{"line":35,"column":null}}}},"branchMap":{},"s":{"0":1,"1":2,"2":2,"3":1,"4":1,"5":2,"6":2,"7":2,"8":1,"9":1,"10":2,"11":2,"12":2,"13":2,"14":2,"15":1,"16":1,"17":1},"f":{"0":2,"1":2,"2":2},"b":{}}
,"/Users/jose/Project/src/dbconfig/dbconnector.ts": {"path":"/Users/jose/Project/src/dbconfig/dbconnector.ts","statementMap":{"0":{"start":{"line":1,"column":0},"end":{"line":1,"column":26}},"1":{"start":{"line":3,"column":0},"end":{"line":11,"column":3}}},"fnMap":{},"branchMap":{"0":{"loc":{"start":{"line":9,"column":19},"end":{"line":9,"column":54}},"type":"binary-expr","locations":[{"start":{"line":9,"column":19},"end":{"line":9,"column":44}},{"start":{"line":9,"column":48},"end":{"line":9,"column":54}}]}},"s":{"0":6,"1":6},"f":{},"b":{"0":[6,0]}}
,"/Users/jose/Project/src/services/CardService.ts": {"path":"/Users/jose/Project/src/services/CardService.ts","statementMap":{"0":{"start":{"line":1,"column":0},"end":{"line":1,"column":42}},"1":{"start":{"line":7,"column":23},"end":{"line":7,"column":43}},"2":{"start":{"line":8,"column":8},"end":{"line":28,"column":null}},"3":{"start":{"line":10,"column":12},"end":{"line":10,"column":40}},"4":{"start":{"line":11,"column":33},"end":{"line":11,"column":68}},"5":{"start":{"line":12,"column":12},"end":{"line":19,"column":null}},"6":{"start":{"line":13,"column":43},"end":{"line":13,"column":84}},"7":{"start":{"line":14,"column":39},"end":{"line":14,"column":68}},"8":{"start":{"line":15,"column":35},"end":{"line":15,"column":109}},"9":{"start":{"line":17,"column":16},"end":{"line":17,"column":null}},"10":{"start":{"line":18,"column":16},"end":{"line":18,"column":null}},"11":{"start":{"line":20,"column":28},"end":{"line":20,"column":81}},"12":{"start":{"line":21,"column":12},"end":{"line":21,"column":null}},"13":{"start":{"line":22,"column":12},"end":{"line":22,"column":null}},"14":{"start":{"line":24,"column":12},"end":{"line":24,"column":43}},"15":{"start":{"line":25,"column":12},"end":{"line":25,"column":22}},"16":{"start":{"line":27,"column":12},"end":{"line":27,"column":null}},"17":{"start":{"line":32,"column":20},"end":{"line":32,"column":84}},"18":{"start":{"line":33,"column":23},"end":{"line":33,"column":36}},"19":{"start":{"line":34,"column":25},"end":{"line":34,"column":54}},"20":{"start":{"line":35,"column":27},"end":{"line":35,"column":34}},"21":{"start":{"line":36,"column":8},"end":{"line":36,"column":null}},"22":{"start":{"line":40,"column":20},"end":{"line":40,"column":80}},"23":{"start":{"line":41,"column":23},"end":{"line":41,"column":39}},"24":{"start":{"line":42,"column":25},"end":{"line":42,"column":54}},"25":{"start":{"line":43,"column":27},"end":{"line":43,"column":34}},"26":{"start":{"line":44,"column":8},"end":{"line":44,"column":null}},"27":{"start":{"line":48,"column":20},"end":{"line":48,"column":59}},"28":{"start":{"line":49,"column":23},"end":{"line":49,"column":31}},"29":{"start":{"line":50,"column":25},"end":{"line":50,"column":54}},"30":{"start":{"line":51,"column":8},"end":{"line":53,"column":null}},"31":{"start":{"line":52,"column":12},"end":{"line":52,"column":null}},"32":{"start":{"line":55,"column":27},"end":{"line":55,"column":34}},"33":{"start":{"line":56,"column":8},"end":{"line":56,"column":null}},"34":{"start":{"line":59,"column":0},"end":{"line":59,"column":null}}},"fnMap":{"0":{"name":"(anonymous_8)","decl":{"start":{"line":6,"column":17},"end":{"line":6,"column":28}},"loc":{"start":{"line":6,"column":59},"end":{"line":29,"column":null}}},"1":{"name":"(anonymous_10)","decl":{"start":{"line":31,"column":20},"end":{"line":31,"column":38}},"loc":{"start":{"line":31,"column":79},"end":{"line":37,"column":null}}},"2":{"name":"(anonymous_12)","decl":{"start":{"line":39,"column":20},"end":{"line":39,"column":38}},"loc":{"start":{"line":39,"column":82},"end":{"line":45,"column":null}}},"3":{"name":"(anonymous_14)","decl":{"start":{"line":47,"column":20},"end":{"line":47,"column":36}},"loc":{"start":{"line":47,"column":51},"end":{"line":57,"column":null}}}},"branchMap":{"0":{"loc":{"start":{"line":12,"column":12},"end":{"line":19,"column":null}},"type":"if","locations":[{"start":{"line":12,"column":12},"end":{"line":19,"column":null}}]},"1":{"loc":{"start":{"line":51,"column":8},"end":{"line":53,"column":null}},"type":"if","locations":[{"start":{"line":51,"column":8},"end":{"line":53,"column":null}}]}},"s":{"0":4,"1":1,"2":1,"3":1,"4":1,"5":0,"6":0,"7":0,"8":0,"9":0,"10":0,"11":0,"12":0,"13":0,"14":1,"15":1,"16":1,"17":0,"18":0,"19":0,"20":0,"21":0,"22":0,"23":0,"24":0,"25":0,"26":0,"27":1,"28":1,"29":1,"30":0,"31":0,"32":0,"33":0,"34":4},"f":{"0":1,"1":0,"2":0,"3":1},"b":{"0":[0],"1":[0]}}
,"/Users/jose/Project/src/services/FareService.ts": {"path":"/Users/jose/Project/src/services/FareService.ts","statementMap":{"0":{"start":{"line":1,"column":0},"end":{"line":1,"column":42}},"1":{"start":{"line":3,"column":0},"end":{"line":3,"column":40}},"2":{"start":{"line":4,"column":0},"end":{"line":4,"column":40}},"3":{"start":{"line":5,"column":0},"end":{"line":5,"column":44}},"4":{"start":{"line":6,"column":0},"end":{"line":6,"column":28}},"5":{"start":{"line":8,"column":20},"end":{"line":8,"column":46}},"6":{"start":{"line":10,"column":12},"end":{"line":10,"column":46}},"7":{"start":{"line":11,"column":12},"end":{"line":11,"column":33}},"8":{"start":{"line":13,"column":23},"end":{"line":13,"column":43}},"9":{"start":{"line":14,"column":8},"end":{"line":56,"column":null}},"10":{"start":{"line":15,"column":45},"end":{"line":15,"column":64}},"11":{"start":{"line":17,"column":25},"end":{"line":17,"column":65}},"12":{"start":{"line":18,"column":12},"end":{"line":20,"column":null}},"13":{"start":{"line":19,"column":16},"end":{"line":19,"column":77}},"14":{"start":{"line":22,"column":12},"end":{"line":24,"column":null}},"15":{"start":{"line":23,"column":16},"end":{"line":23,"column":69}},"16":{"start":{"line":26,"column":12},"end":{"line":28,"column":null}},"17":{"start":{"line":27,"column":16},"end":{"line":27,"column":80}},"18":{"start":{"line":30,"column":12},"end":{"line":30,"column":39}},"19":{"start":{"line":31,"column":31},"end":{"line":31,"column":71}},"20":{"start":{"line":32,"column":12},"end":{"line":44,"column":null}},"21":{"start":{"line":33,"column":16},"end":{"line":33,"column":40}},"22":{"start":{"line":35,"column":35},"end":{"line":35,"column":73}},"23":{"start":{"line":36,"column":16},"end":{"line":41,"column":null}},"24":{"start":{"line":37,"column":20},"end":{"line":40,"column":null}},"25":{"start":{"line":38,"column":24},"end":{"line":38,"column":47}},"26":{"start":{"line":39,"column":24},"end":{"line":39,"column":30}},"27":{"start":{"line":42,"column":16},"end":{"line":42,"column":90}},"28":{"start":{"line":42,"column":37},"end":{"line":42,"column":90}},"29":{"start":{"line":43,"column":16},"end":{"line":43,"column":null}},"30":{"start":{"line":46,"column":31},"end":{"line":46,"column":56}},"31":{"start":{"line":47,"column":35},"end":{"line":47,"column":64}},"32":{"start":{"line":48,"column":12},"end":{"line":48,"column":79}},"33":{"start":{"line":50,"column":12},"end":{"line":50,"column":30}},"34":{"start":{"line":52,"column":12},"end":{"line":52,"column":31}},"35":{"start":{"line":53,"column":12},"end":{"line":53,"column":22}},"36":{"start":{"line":55,"column":12},"end":{"line":55,"column":29}},"37":{"start":{"line":59,"column":8},"end":{"line":74,"column":null}},"38":{"start":{"line":60,"column":45},"end":{"line":60,"column":64}},"39":{"start":{"line":62,"column":25},"end":{"line":62,"column":65}},"40":{"start":{"line":63,"column":12},"end":{"line":65,"column":null}},"41":{"start":{"line":64,"column":16},"end":{"line":64,"column":77}},"42":{"start":{"line":66,"column":12},"end":{"line":68,"column":null}},"43":{"start":{"line":67,"column":16},"end":{"line":67,"column":81}},"44":{"start":{"line":69,"column":12},"end":{"line":69,"column":null}},"45":{"start":{"line":70,"column":12},"end":{"line":70,"column":null}},"46":{"start":{"line":71,"column":12},"end":{"line":71,"column":null}},"47":{"start":{"line":73,"column":12},"end":{"line":73,"column":53}},"48":{"start":{"line":78,"column":0},"end":{"line":78,"column":null}}},"fnMap":{"0":{"name":"(anonymous_8)","decl":{"start":{"line":9,"column":0},"end":{"line":9,"column":6}},"loc":{"start":{"line":9,"column":0},"end":{"line":76,"column":1}}},"1":{"name":"(anonymous_9)","decl":{"start":{"line":12,"column":17},"end":{"line":12,"column":27}},"loc":{"start":{"line":12,"column":68},"end":{"line":57,"column":null}}},"2":{"name":"(anonymous_11)","decl":{"start":{"line":58,"column":17},"end":{"line":58,"column":27}},"loc":{"start":{"line":58,"column":68},"end":{"line":75,"column":null}}}},"branchMap":{"0":{"loc":{"start":{"line":18,"column":12},"end":{"line":20,"column":null}},"type":"if","locations":[{"start":{"line":18,"column":12},"end":{"line":20,"column":null}}]},"1":{"loc":{"start":{"line":22,"column":12},"end":{"line":24,"column":null}},"type":"if","locations":[{"start":{"line":22,"column":12},"end":{"line":24,"column":null}}]},"2":{"loc":{"start":{"line":26,"column":12},"end":{"line":28,"column":null}},"type":"if","locations":[{"start":{"line":26,"column":12},"end":{"line":28,"column":null}}]},"3":{"loc":{"start":{"line":32,"column":12},"end":{"line":44,"column":null}},"type":"if","locations":[{"start":{"line":32,"column":12},"end":{"line":44,"column":null}},{"start":{"line":34,"column":19},"end":{"line":44,"column":null}}]},"4":{"loc":{"start":{"line":37,"column":20},"end":{"line":40,"column":null}},"type":"if","locations":[{"start":{"line":37,"column":20},"end":{"line":40,"column":null}}]},"5":{"loc":{"start":{"line":42,"column":16},"end":{"line":42,"column":90}},"type":"if","locations":[{"start":{"line":42,"column":16},"end":{"line":42,"column":90}}]},"6":{"loc":{"start":{"line":63,"column":12},"end":{"line":65,"column":null}},"type":"if","locations":[{"start":{"line":63,"column":12},"end":{"line":65,"column":null}}]},"7":{"loc":{"start":{"line":66,"column":12},"end":{"line":68,"column":null}},"type":"if","locations":[{"start":{"line":66,"column":12},"end":{"line":68,"column":null}}]}},"s":{"0":2,"1":2,"2":2,"3":2,"4":2,"5":2,"6":2,"7":2,"8":3,"9":3,"10":3,"11":3,"12":3,"13":1,"14":2,"15":1,"16":1,"17":1,"18":0,"19":0,"20":0,"21":0,"22":0,"23":0,"24":0,"25":0,"26":0,"27":0,"28":0,"29":0,"30":0,"31":0,"32":0,"33":0,"34":3,"35":3,"36":3,"37":2,"38":2,"39":2,"40":2,"41":0,"42":2,"43":1,"44":1,"45":1,"46":1,"47":1,"48":2},"f":{"0":2,"1":3,"2":2},"b":{"0":[1],"1":[1],"2":[1],"3":[0,0],"4":[0],"5":[0],"6":[0],"7":[1]}}
,"/Users/jose/Project/src/services/RideService.ts": {"path":"/Users/jose/Project/src/services/RideService.ts","statementMap":{"0":{"start":{"line":1,"column":0},"end":{"line":1,"column":43}},"1":{"start":{"line":5,"column":23},"end":{"line":5,"column":43}},"2":{"start":{"line":6,"column":8},"end":{"line":17,"column":null}},"3":{"start":{"line":7,"column":12},"end":{"line":7,"column":40}},"4":{"start":{"line":8,"column":24},"end":{"line":8,"column":122}},"5":{"start":{"line":9,"column":27},"end":{"line":9,"column":72}},"6":{"start":{"line":10,"column":12},"end":{"line":10,"column":44}},"7":{"start":{"line":11,"column":12},"end":{"line":11,"column":41}},"8":{"start":{"line":13,"column":12},"end":{"line":13,"column":43}},"9":{"start":{"line":14,"column":12},"end":{"line":14,"column":22}},"10":{"start":{"line":16,"column":12},"end":{"line":16,"column":29}},"11":{"start":{"line":21,"column":0},"end":{"line":21,"column":null}}},"fnMap":{"0":{"name":"(anonymous_8)","decl":{"start":{"line":4,"column":17},"end":{"line":4,"column":25}},"loc":{"start":{"line":4,"column":101},"end":{"line":18,"column":null}}}},"branchMap":{},"s":{"0":3,"1":2,"2":2,"3":2,"4":2,"5":2,"6":2,"7":2,"8":0,"9":0,"10":2,"11":3},"f":{"0":2},"b":{}}
,"/Users/jose/Project/src/services/SubwayService.ts": {"path":"/Users/jose/Project/src/services/SubwayService.ts","statementMap":{"0":{"start":{"line":1,"column":0},"end":{"line":1,"column":43}},"1":{"start":{"line":4,"column":0},"end":{"line":4,"column":44}},"2":{"start":{"line":8,"column":23},"end":{"line":8,"column":43}},"3":{"start":{"line":9,"column":8},"end":{"line":19,"column":null}},"4":{"start":{"line":10,"column":24},"end":{"line":10,"column":53}},"5":{"start":{"line":11,"column":29},"end":{"line":11,"column":52}},"6":{"start":{"line":12,"column":38},"end":{"line":12,"column":42}},"7":{"start":{"line":13,"column":12},"end":{"line":13,"column":26}},"8":{"start":{"line":15,"column":12},"end":{"line":15,"column":81}},"9":{"start":{"line":16,"column":12},"end":{"line":16,"column":22}},"10":{"start":{"line":18,"column":12},"end":{"line":18,"column":29}},"11":{"start":{"line":23,"column":23},"end":{"line":23,"column":43}},"12":{"start":{"line":25,"column":8},"end":{"line":36,"column":null}},"13":{"start":{"line":26,"column":24},"end":{"line":26,"column":114}},"14":{"start":{"line":27,"column":27},"end":{"line":27,"column":49}},"15":{"start":{"line":28,"column":29},"end":{"line":28,"column":60}},"16":{"start":{"line":29,"column":35},"end":{"line":29,"column":42}},"17":{"start":{"line":30,"column":12},"end":{"line":30,"column":25}},"18":{"start":{"line":32,"column":12},"end":{"line":32,"column":77}},"19":{"start":{"line":33,"column":12},"end":{"line":33,"column":22}},"20":{"start":{"line":35,"column":12},"end":{"line":35,"column":29}},"21":{"start":{"line":40,"column":40},"end":{"line":40,"column":54}},"22":{"start":{"line":41,"column":27},"end":{"line":41,"column":56}},"23":{"start":{"line":42,"column":8},"end":{"line":105,"column":null}},"24":{"start":{"line":44,"column":78},"end":{"line":44,"column":80}},"25":{"start":{"line":45,"column":12},"end":{"line":55,"column":null}},"26":{"start":{"line":46,"column":33},"end":{"line":46,"column":46}},"27":{"start":{"line":47,"column":16},"end":{"line":54,"column":null}},"28":{"start":{"line":47,"column":29},"end":{"line":47,"column":30}},"29":{"start":{"line":48,"column":37},"end":{"line":48,"column":48}},"30":{"start":{"line":49,"column":37},"end":{"line":49,"column":52}},"31":{"start":{"line":50,"column":20},"end":{"line":50,"column":79}},"32":{"start":{"line":50,"column":50},"end":{"line":50,"column":79}},"33":{"start":{"line":51,"column":20},"end":{"line":51,"column":79}},"34":{"start":{"line":51,"column":50},"end":{"line":51,"column":79}},"35":{"start":{"line":52,"column":20},"end":{"line":52,"column":58}},"36":{"start":{"line":53,"column":20},"end":{"line":53,"column":58}},"37":{"start":{"line":57,"column":55},"end":{"line":57,"column":57}},"38":{"start":{"line":58,"column":54},"end":{"line":58,"column":56}},"39":{"start":{"line":59,"column":12},"end":{"line":61,"column":null}},"40":{"start":{"line":60,"column":16},"end":{"line":60,"column":46}},"41":{"start":{"line":62,"column":12},"end":{"line":64,"column":null}},"42":{"start":{"line":63,"column":16},"end":{"line":63,"column":68}},"43":{"start":{"line":65,"column":12},"end":{"line":65,"column":44}},"44":{"start":{"line":68,"column":26},"end":{"line":68,"column":82}},"45":{"start":{"line":69,"column":12},"end":{"line":69,"column":64}},"46":{"start":{"line":70,"column":12},"end":{"line":82,"column":null}},"47":{"start":{"line":71,"column":39},"end":{"line":71,"column":58}},"48":{"start":{"line":72,"column":16},"end":{"line":72,"column":47}},"49":{"start":{"line":73,"column":16},"end":{"line":81,"column":null}},"50":{"start":{"line":74,"column":42},"end":{"line":74,"column":109}},"51":{"start":{"line":75,"column":20},"end":{"line":77,"column":null}},"52":{"start":{"line":76,"column":24},"end":{"line":76,"column":60}},"53":{"start":{"line":78,"column":20},"end":{"line":80,"column":null}},"54":{"start":{"line":79,"column":24},"end":{"line":79,"column":80}},"55":{"start":{"line":84,"column":12},"end":{"line":86,"column":null}},"56":{"start":{"line":85,"column":16},"end":{"line":85,"column":49}},"57":{"start":{"line":89,"column":25},"end":{"line":89,"column":27}},"58":{"start":{"line":90,"column":33},"end":{"line":90,"column":54}},"59":{"start":{"line":91,"column":12},"end":{"line":99,"column":null}},"60":{"start":{"line":92,"column":16},"end":{"line":92,"column":45}},"61":{"start":{"line":93,"column":16},"end":{"line":98,"column":null}},"62":{"start":{"line":94,"column":20},"end":{"line":97,"column":null}},"63":{"start":{"line":95,"column":24},"end":{"line":95,"column":50}},"64":{"start":{"line":96,"column":24},"end":{"line":96,"column":30}},"65":{"start":{"line":100,"column":12},"end":{"line":100,"column":43}},"66":{"start":{"line":101,"column":12},"end":{"line":101,"column":24}},"67":{"start":{"line":103,"column":12},"end":{"line":103,"column":70}},"68":{"start":{"line":104,"column":12},"end":{"line":104,"column":22}},"69":{"start":{"line":109,"column":0},"end":{"line":109,"column":null}}},"fnMap":{"0":{"name":"(anonymous_8)","decl":{"start":{"line":7,"column":17},"end":{"line":7,"column":33}},"loc":{"start":{"line":7,"column":33},"end":{"line":20,"column":null}}},"1":{"name":"(anonymous_10)","decl":{"start":{"line":22,"column":17},"end":{"line":22,"column":32}},"loc":{"start":{"line":22,"column":79},"end":{"line":37,"column":null}}},"2":{"name":"(anonymous_12)","decl":{"start":{"line":39,"column":17},"end":{"line":39,"column":25}},"loc":{"start":{"line":39,"column":56},"end":{"line":106,"column":null}}}},"branchMap":{"0":{"loc":{"start":{"line":50,"column":20},"end":{"line":50,"column":79}},"type":"if","locations":[{"start":{"line":50,"column":20},"end":{"line":50,"column":79}}]},"1":{"loc":{"start":{"line":51,"column":20},"end":{"line":51,"column":79}},"type":"if","locations":[{"start":{"line":51,"column":20},"end":{"line":51,"column":79}}]},"2":{"loc":{"start":{"line":62,"column":12},"end":{"line":64,"column":null}},"type":"if","locations":[{"start":{"line":62,"column":12},"end":{"line":64,"column":null}}]},"3":{"loc":{"start":{"line":62,"column":16},"end":{"line":62,"column":69}},"type":"binary-expr","locations":[{"start":{"line":62,"column":16},"end":{"line":62,"column":38}},{"start":{"line":62,"column":42},"end":{"line":62,"column":69}}]},"4":{"loc":{"start":{"line":75,"column":20},"end":{"line":77,"column":null}},"type":"if","locations":[{"start":{"line":75,"column":20},"end":{"line":77,"column":null}}]},"5":{"loc":{"start":{"line":78,"column":20},"end":{"line":80,"column":null}},"type":"if","locations":[{"start":{"line":78,"column":20},"end":{"line":80,"column":null}}]},"6":{"loc":{"start":{"line":84,"column":12},"end":{"line":86,"column":null}},"type":"if","locations":[{"start":{"line":84,"column":12},"end":{"line":86,"column":null}}]},"7":{"loc":{"start":{"line":94,"column":20},"end":{"line":97,"column":null}},"type":"if","locations":[{"start":{"line":94,"column":20},"end":{"line":97,"column":null}}]}},"s":{"0":4,"1":4,"2":0,"3":0,"4":0,"5":0,"6":0,"7":0,"8":0,"9":0,"10":0,"11":0,"12":0,"13":0,"14":0,"15":0,"16":0,"17":0,"18":0,"19":0,"20":0,"21":2,"22":2,"23":2,"24":2,"25":2,"26":4,"27":4,"28":4,"29":7,"30":7,"31":7,"32":4,"33":7,"34":6,"35":7,"36":7,"37":2,"38":2,"39":2,"40":10,"41":2,"42":1,"43":1,"44":1,"45":1,"46":1,"47":5,"48":5,"49":5,"50":8,"51":8,"52":4,"53":8,"54":4,"55":1,"56":0,"57":1,"58":1,"59":1,"60":1,"61":1,"62":1,"63":1,"64":1,"65":1,"66":1,"67":1,"68":1,"69":4},"f":{"0":0,"1":0,"2":2},"b":{"0":[4],"1":[6],"2":[1],"3":[2,2],"4":[4],"5":[4],"6":[0],"7":[1]}}
}
