TN:
SF:src/controllers/CardController.ts
FN:6,(anonymous_8)
FNF:1
FNH:1
FNDA:2,(anonymous_8)
DA:2,1
DA:4,1
DA:7,2
DA:8,2
DA:9,1
DA:10,1
DA:12,1
DA:17,1
LF:8
LH:8
BRF:0
BRH:0
end_of_record
TN:
SF:src/controllers/FareController.ts
FN:6,(anonymous_8)
FN:18,(anonymous_10)
FNF:2
FNH:2
FNDA:2,(anonymous_8)
FNDA:2,(anonymous_10)
DA:2,1
DA:7,2
DA:8,2
DA:9,2
DA:10,2
DA:11,2
DA:12,1
DA:14,1
DA:19,2
DA:20,2
DA:21,2
DA:22,2
DA:23,2
DA:24,1
DA:26,1
DA:31,1
LF:16
LH:16
BRF:0
BRH:0
end_of_record
TN:
SF:src/controllers/SubwayController.ts
FN:6,(anonymous_8)
FN:15,(anonymous_10)
FN:25,(anonymous_12)
FNF:3
FNH:3
FNDA:2,(anonymous_8)
FNDA:2,(anonymous_10)
FNDA:2,(anonymous_12)
DA:2,1
DA:7,2
DA:8,2
DA:9,1
DA:11,1
DA:16,2
DA:17,2
DA:18,2
DA:19,1
DA:21,1
DA:26,2
DA:27,2
DA:28,2
DA:29,2
DA:30,2
DA:31,1
DA:33,1
DA:38,1
LF:18
LH:18
BRF:0
BRH:0
end_of_record
TN:
SF:src/dbconfig/dbconnector.ts
FNF:0
FNH:0
DA:1,6
DA:3,6
LF:2
LH:2
BRDA:9,0,0,6
BRDA:9,0,1,0
BRF:2
BRH:1
end_of_record
TN:
SF:src/services/CardService.ts
FN:6,(anonymous_8)
FN:31,(anonymous_10)
FN:39,(anonymous_12)
FN:47,(anonymous_14)
FNF:4
FNH:2
FNDA:1,(anonymous_8)
FNDA:0,(anonymous_10)
FNDA:0,(anonymous_12)
FNDA:1,(anonymous_14)
DA:1,4
DA:7,1
DA:8,1
DA:10,1
DA:11,1
DA:12,0
DA:13,0
DA:14,0
DA:15,0
DA:17,0
DA:18,0
DA:20,0
DA:21,0
DA:22,0
DA:24,1
DA:25,1
DA:27,1
DA:32,0
DA:33,0
DA:34,0
DA:35,0
DA:36,0
DA:40,0
DA:41,0
DA:42,0
DA:43,0
DA:44,0
DA:48,1
DA:49,1
DA:50,1
DA:51,0
DA:52,0
DA:55,0
DA:56,0
DA:59,4
LF:35
LH:12
BRDA:12,0,0,0
BRDA:51,1,0,0
BRF:2
BRH:0
end_of_record
TN:
SF:src/services/FareService.ts
FN:9,(anonymous_8)
FN:12,(anonymous_9)
FN:58,(anonymous_11)
FNF:3
FNH:3
FNDA:2,(anonymous_8)
FNDA:3,(anonymous_9)
FNDA:2,(anonymous_11)
DA:1,2
DA:3,2
DA:4,2
DA:5,2
DA:6,2
DA:8,2
DA:10,2
DA:11,2
DA:13,3
DA:14,3
DA:15,3
DA:17,3
DA:18,3
DA:19,1
DA:22,2
DA:23,1
DA:26,1
DA:27,1
DA:30,0
DA:31,0
DA:32,0
DA:33,0
DA:35,0
DA:36,0
DA:37,0
DA:38,0
DA:39,0
DA:42,0
DA:43,0
DA:46,0
DA:47,0
DA:48,0
DA:50,0
DA:52,3
DA:53,3
DA:55,3
DA:59,2
DA:60,2
DA:62,2
DA:63,2
DA:64,0
DA:66,2
DA:67,1
DA:69,1
DA:70,1
DA:71,1
DA:73,1
DA:78,2
LF:48
LH:32
BRDA:18,0,0,1
BRDA:22,1,0,1
BRDA:26,2,0,1
BRDA:32,3,0,0
BRDA:32,3,1,0
BRDA:37,4,0,0
BRDA:42,5,0,0
BRDA:63,6,0,0
BRDA:66,7,0,1
BRF:9
BRH:4
end_of_record
TN:
SF:src/services/RideService.ts
FN:4,(anonymous_8)
FNF:1
FNH:1
FNDA:2,(anonymous_8)
DA:1,3
DA:5,2
DA:6,2
DA:7,2
DA:8,2
DA:9,2
DA:10,2
DA:11,2
DA:13,0
DA:14,0
DA:16,2
DA:21,3
LF:12
LH:10
BRF:0
BRH:0
end_of_record
TN:
SF:src/services/SubwayService.ts
FN:7,(anonymous_8)
FN:22,(anonymous_10)
FN:39,(anonymous_12)
FNF:3
FNH:1
FNDA:0,(anonymous_8)
FNDA:0,(anonymous_10)
FNDA:2,(anonymous_12)
DA:1,4
DA:4,4
DA:8,0
DA:9,0
DA:10,0
DA:11,0
DA:12,0
DA:13,0
DA:15,0
DA:16,0
DA:18,0
DA:23,0
DA:25,0
DA:26,0
DA:27,0
DA:28,0
DA:29,0
DA:30,0
DA:32,0
DA:33,0
DA:35,0
DA:40,2
DA:41,2
DA:42,2
DA:44,2
DA:45,2
DA:46,4
DA:47,4
DA:48,7
DA:49,7
DA:50,7
DA:51,7
DA:52,7
DA:53,7
DA:57,2
DA:58,2
DA:59,2
DA:60,10
DA:62,2
DA:63,1
DA:65,1
DA:68,1
DA:69,1
DA:70,1
DA:71,5
DA:72,5
DA:73,5
DA:74,8
DA:75,8
DA:76,4
DA:78,8
DA:79,4
DA:84,1
DA:85,0
DA:89,1
DA:90,1
DA:91,1
DA:92,1
DA:93,1
DA:94,1
DA:95,1
DA:96,1
DA:100,1
DA:101,1
DA:103,1
DA:104,1
DA:109,4
LF:67
LH:47
BRDA:50,0,0,4
BRDA:51,1,0,6
BRDA:62,2,0,1
BRDA:62,3,0,2
BRDA:62,3,1,2
BRDA:75,4,0,4
BRDA:78,5,0,4
BRDA:84,6,0,0
BRDA:94,7,0,1
BRF:9
BRH:8
end_of_record
